#
# There is insufficient memory for the Java Runtime Environment to continue.
# Native memory allocation (malloc) failed to allocate 1016640 bytes for Chunk::new
# Possible reasons:
#   The system is out of physical RAM or swap space
#   The process is running with CompressedOops enabled, and the Java Heap may be blocking the growth of the native heap
# Possible solutions:
#   Reduce memory load on the system
#   Increase physical memory or swap space
#   Check if swap backing store is full
#   Decrease Java heap size (-Xmx/-Xms)
#   Decrease number of Java threads
#   Decrease Java thread stack sizes (-Xss)
#   Set larger code cache with -XX:ReservedCodeCacheSize=
#   JVM is running with Unscaled Compressed Oops mode in which the Java heap is
#     placed in the first 4GB address space. The Java Heap base address is the
#     maximum limit for the native heap growth. Please use -XX:HeapBaseMinAddress
#     to set the Java Heap base and to place the Java Heap above 4GB virtual address.
# This output file may be truncated or incomplete.
#
#  Out of Memory Error (allocation.cpp:389), pid=5564, tid=0x0000000000001cb0
#
# JRE version: OpenJDK Runtime Environment (8.0_212-b04) (build 1.8.0_212-release-1586-b04)
# Java VM: OpenJDK 64-Bit Server VM (25.212-b04 mixed mode windows-amd64 compressed oops)
# Failed to write core dump. Minidumps are not enabled by default on client versions of Windows
#

---------------  T H R E A D  ---------------

Current thread (0x00000000168f9000):  JavaThread "C2 CompilerThread1" daemon [_thread_in_native, id=7344, stack(0x0000000018010000,0x0000000018110000)]

Stack: [0x0000000018010000,0x0000000018110000]
[error occurred during error reporting (printing stack bounds), id 0xc0000005]

Native frames: (J=compiled Java code, j=interpreted, Vv=VM code, C=native code)


Current CompileTask:
C2:7096408 21974       4       org.objectweb.asm.ClassReader::readField (667 bytes)


---------------  P R O C E S S  ---------------

Java Threads: ( => current thread )
  0x00000000228dc000 JavaThread "Cache worker for Java compile cache (D:\Desktop\HabitTracker\.gradle\5.6.4\javaCompile)" [_thread_in_native, id=14772, stack(0x000000002ea30000,0x000000002eb30000)]
  0x00000000228da800 JavaThread "WorkerExecutor Queue Thread 5" [_thread_blocked, id=11712, stack(0x000000002e930000,0x000000002ea30000)]
  0x00000000228d9000 JavaThread "RMI TCP Connection(15)-127.0.0.1" daemon [_thread_in_native, id=11904, stack(0x000000002e830000,0x000000002e930000)]
  0x00000000228d9800 JavaThread "RMI Reaper" [_thread_blocked, id=13000, stack(0x000000002e730000,0x000000002e830000)]
  0x00000000228d8000 JavaThread "GC Daemon" daemon [_thread_blocked, id=9212, stack(0x000000002e630000,0x000000002e730000)]
  0x00000000228db000 JavaThread "RMI RenewClean-[127.0.0.1:17810,org.jetbrains.kotlin.daemon.common.LoopbackNetworkInterface$ClientLoopbackSocketFactory@12e774d5]" daemon [_thread_blocked, id=15872, stack(0x0000000026680000,0x0000000026780000)]
  0x00000000228d0000 JavaThread "stdout" [_thread_in_native, id=16756, stack(0x0000000029380000,0x0000000029480000)]
  0x00000000228d4800 JavaThread "stderr" [_thread_in_native, id=9880, stack(0x0000000029280000,0x0000000029380000)]
  0x00000000228d3800 JavaThread "stdout" [_thread_in_native, id=15048, stack(0x0000000029180000,0x0000000029280000)]
  0x00000000228d1800 JavaThread "stderr" [_thread_in_native, id=15356, stack(0x0000000027ca0000,0x0000000027da0000)]
  0x00000000228d3000 JavaThread "stdout" [_thread_in_native, id=2024, stack(0x0000000027ba0000,0x0000000027ca0000)]
  0x00000000228d2000 JavaThread "stderr" [_thread_in_native, id=7016, stack(0x0000000027aa0000,0x0000000027ba0000)]
  0x00000000228d6800 JavaThread "stdout" [_thread_in_native, id=16012, stack(0x0000000027380000,0x0000000027480000)]
  0x00000000190fe800 JavaThread "stderr" [_thread_in_native, id=7904, stack(0x0000000026e80000,0x0000000026f80000)]
  0x00000000190fb800 JavaThread "pool-8-thread-1" [_thread_blocked, id=14964, stack(0x0000000026c80000,0x0000000026d80000)]
  0x0000000019101800 JavaThread "WorkerExecutor Queue Thread 4" [_thread_blocked, id=12928, stack(0x0000000026b80000,0x0000000026c80000)]
  0x00000000190ff000 JavaThread "WorkerExecutor Queue Thread 3" [_thread_blocked, id=3252, stack(0x0000000026880000,0x0000000026980000)]
  0x000000001a9db000 JavaThread "WorkerExecutor Queue" [_thread_blocked, id=17844, stack(0x0000000026580000,0x0000000026680000)]
  0x000000001a9d8800 JavaThread "Cache worker for execution history cache (D:\Desktop\HabitTracker\.gradle\5.6.4\executionHistory)" [_thread_blocked, id=3112, stack(0x0000000026380000,0x0000000026480000)]
  0x000000001a9d8000 JavaThread "Execution worker for ':' Thread 3" [_thread_blocked, id=4256, stack(0x0000000026080000,0x0000000026180000)]
  0x000000001a9d7000 JavaThread "Execution worker for ':' Thread 2" [_thread_blocked, id=1268, stack(0x0000000025f80000,0x0000000026080000)]
  0x000000001a9d5800 JavaThread "Execution worker for ':'" [_thread_blocked, id=16328, stack(0x0000000025e80000,0x0000000025f80000)]
  0x000000001a9d5000 JavaThread "Cache worker for file content cache (D:\Desktop\HabitTracker\.gradle\5.6.4\fileContent)" [_thread_blocked, id=6568, stack(0x0000000021bc0000,0x0000000021cc0000)]
  0x000000001a9ce000 JavaThread "Cache worker for Build Output Cleanup Cache (D:\Desktop\HabitTracker\.gradle\buildOutputCleanup)" [_thread_blocked, id=14788, stack(0x00000000213c0000,0x00000000214c0000)]
  0x000000001a9d3800 JavaThread "Build operations Thread 4" [_thread_blocked, id=16180, stack(0x00000000210b0000,0x00000000211b0000)]
  0x000000001a9d1000 JavaThread "Build operations Thread 3" [_thread_blocked, id=6716, stack(0x0000000020910000,0x0000000020a10000)]
  0x000000001a9cf800 JavaThread "Build operations Thread 2" [_thread_blocked, id=9104, stack(0x0000000020810000,0x0000000020910000)]
  0x000000001e286000 JavaThread "Build operations" [_thread_blocked, id=17948, stack(0x0000000020710000,0x0000000020810000)]
  0x000000001e283800 JavaThread "Cache worker for cache directory md-rule (C:\Users\Π”Π°Ρ€ΡΡ\.gradle\caches\5.6.4\md-rule)" [_thread_blocked, id=10808, stack(0x000000001ede0000,0x000000001eee0000)]
  0x000000001e284800 JavaThread "Cache worker for cache directory md-supplier (C:\Users\Π”Π°Ρ€ΡΡ\.gradle\caches\5.6.4\md-supplier)" [_thread_blocked, id=16104, stack(0x000000001eae0000,0x000000001ebe0000)]
  0x000000001e283000 JavaThread "Cache worker for file hash cache (D:\Desktop\HabitTracker\.gradle\5.6.4\fileHashes)" [_thread_blocked, id=18400, stack(0x000000001c240000,0x000000001c340000)]
  0x000000001e27b800 JavaThread "Thread-70" [_thread_blocked, id=11876, stack(0x000000001bf40000,0x000000001c040000)]
  0x000000001e282000 JavaThread "Stdin handler" [_thread_blocked, id=15804, stack(0x000000001be40000,0x000000001bf40000)]
  0x000000001e281800 JavaThread "Asynchronous log dispatcher for DefaultDaemonConnection: socket connection from /127.0.0.1:52245 to /127.0.0.1:52511" [_thread_blocked, id=12312, stack(0x000000001bb40000,0x000000001bc40000)]
  0x000000001e277800 JavaThread "Daemon worker Thread 3" [_thread_blocked, id=19100, stack(0x000000001ba40000,0x000000001bb40000)]
  0x000000001e27d800 JavaThread "Cancel handler" [_thread_blocked, id=15288, stack(0x0000000019fe0000,0x000000001a0e0000)]
  0x000000001e27d000 JavaThread "Handler for socket connection from /127.0.0.1:52245 to /127.0.0.1:52511" [_thread_in_native, id=10548, stack(0x00000000013c0000,0x00000000014c0000)]
  0x000000001e27a800 JavaThread "Daemon Thread 3" [_thread_blocked, id=16040, stack(0x00000000012c0000,0x00000000013c0000)]
  0x000000001a9d2800 JavaThread "Cache worker for Java compile cache (C:\Users\Π”Π°Ρ€ΡΡ\.gradle\caches\5.6.4\javaCompile)" [_thread_blocked, id=1388, stack(0x0000000026d80000,0x0000000026e80000)]
  0x000000001a9cf000 JavaThread "RMI TCP Accept-0" daemon [_thread_in_native, id=17088, stack(0x0000000026780000,0x0000000026880000)]
  0x000000001a9cd800 JavaThread "RMI Scheduler(0)" daemon [_thread_blocked, id=9936, stack(0x0000000026480000,0x0000000026580000)]
  0x000000001e285000 JavaThread "Cache worker for file content cache (C:\Users\Π”Π°Ρ€ΡΡ\.gradle\caches\5.6.4\fileContent)" [_thread_blocked, id=16264, stack(0x00000000214c0000,0x00000000215c0000)]
  0x000000001e27e800 JavaThread "Memory manager" [_thread_blocked, id=1920, stack(0x0000000023290000,0x0000000023390000)]
  0x000000001e279000 JavaThread "Cache worker for execution history cache (C:\Users\Π”Π°Ρ€ΡΡ\.gradle\caches\5.6.4\executionHistory)" [_thread_blocked, id=15264, stack(0x0000000020610000,0x0000000020710000)]
  0x00000000190fd800 JavaThread "Cache worker for journal cache (C:\Users\Π”Π°Ρ€ΡΡ\.gradle\caches\journal-1)" [_thread_blocked, id=15324, stack(0x000000001c740000,0x000000001c840000)]
  0x00000000190fc000 JavaThread "File lock request listener" [_thread_in_native, id=9388, stack(0x000000001c640000,0x000000001c740000)]
  0x00000000190fd000 JavaThread "Cache worker for file hash cache (C:\Users\Π”Π°Ρ€ΡΡ\.gradle\caches\5.6.4\fileHashes)" [_thread_blocked, id=13272, stack(0x000000001c540000,0x000000001c640000)]
  0x000000001a1a9800 JavaThread "Daemon periodic checks" [_thread_blocked, id=11284, stack(0x000000001b940000,0x000000001ba40000)]
  0x000000001a15b800 JavaThread "Incoming local TCP Connector on port 52245" [_thread_in_native, id=7352, stack(0x000000001b6f0000,0x000000001b7f0000)]
  0x0000000019b98000 JavaThread "Daemon health stats" [_thread_blocked, id=1468, stack(0x000000001b0b0000,0x000000001b1b0000)]
  0x0000000018216800 JavaThread "Service Thread" daemon [_thread_blocked, id=7108, stack(0x0000000018610000,0x0000000018710000)]
  0x00000000168fc800 JavaThread "C1 CompilerThread2" daemon [_thread_blocked, id=17556, stack(0x0000000018110000,0x0000000018210000)]
=>0x00000000168f9000 JavaThread "C2 CompilerThread1" daemon [_thread_in_native, id=7344, stack(0x0000000018010000,0x0000000018110000)]
  0x00000000168a6800 JavaThread "C2 CompilerThread0" daemon [_thread_in_native, id=17680, stack(0x0000000017f10000,0x0000000018010000)]
  0x00000000168a5800 JavaThread "Attach Listener" daemon [_thread_blocked, id=8928, stack(0x0000000017e10000,0x0000000017f10000)]
  0x00000000168a4000 JavaThread "Signal Dispatcher" daemon [_thread_blocked, id=17576, stack(0x0000000017d10000,0x0000000017e10000)]
  0x0000000002eb6800 JavaThread "Finalizer" daemon [_thread_blocked, id=6908, stack(0x0000000017b00000,0x0000000017c00000)]
  0x0000000016889000 JavaThread "Reference Handler" daemon [_thread_blocked, id=10632, stack(0x0000000017a00000,0x0000000017b00000)]
  0x0000000002f2e800 JavaThread "main" [_thread_blocked, id=16488, stack(0x00000000014c0000,0x00000000015c0000)]

Other Threads:
  0x0000000016866000 VMThread [stack: 0x0000000017900000,0x0000000017a00000] [id=10748]
  0x0000000018218800 WatcherThread [stack: 0x0000000018710000,0x0000000018810000] [id=18912]

VM state:not at safepoint (normal execution)

VM Mutex/Monitor currently owned by a thread: None

heap address: 0x00000000a0000000, size: 1536 MB, Compressed Oops mode: 32-bit
Narrow klass base: 0x0000000000000000, Narrow klass shift: 3
Compressed class space size: 1073741824 Address: 0x0000000100000000

Heap:
 PSYoungGen      total 431616K, used 260887K [0x00000000e0000000, 0x00000000ff580000, 0x0000000100000000)
  eden space 364032K, 66% used [0x00000000e0000000,0x00000000eee09540,0x00000000f6380000)
  from space 67584K, 25% used [0x00000000fb380000,0x00000000fc43ca80,0x00000000ff580000)
  to   space 74752K, 0% used [0x00000000f6380000,0x00000000f6380000,0x00000000fac80000)
 ParOldGen       total 293888K, used 51049K [0x00000000a0000000, 0x00000000b1f00000, 0x00000000e0000000)
  object space 293888K, 17% used [0x00000000a0000000,0x00000000a31da528,0x00000000b1f00000)
 Metaspace       used 103866K, capacity 108906K, committed 108928K, reserved 1144832K
  class space    used 13476K, capacity 14445K, committed 14464K, reserved 1048576K

Card table byte_map: [0x00000000122f0000,0x0000000012600000] byte_map_base: 0x0000000011df0000

Marking Bits: (ParMarkBitMap*) 0x000000005e649f30
 Begin Bits: [0x0000000012c00000, 0x0000000014400000)
 End Bits:   [0x0000000014400000, 0x0000000015c00000)

Polling page: 0x0000000001140000

CodeCache: size=245760Kb used=63270Kb max_used=63766Kb free=182489Kb
 bounds [0x0000000002f30000, 0x0000000006dc0000, 0x0000000011f30000]
 total_blobs=18848 nmethods=17909 adapters=848
 compilation: enabled

Compilation events (10 events):
Event: 7096.353 Thread 0x00000000168fc800 22016       2       java.util.Calendar::setWeekCountData (61 bytes)
Event: 7096.353 Thread 0x00000000168fc800 nmethod 22016 0x0000000003dfa450 code [0x0000000003dfa5e0, 0x0000000003dfa918]
Event: 7096.353 Thread 0x00000000168fc800 22017       2       org.apache.tools.zip.ZipEntry::<init> (64 bytes)
Event: 7096.353 Thread 0x00000000168fc800 nmethod 22017 0x0000000005957150 code [0x00000000059572e0, 0x0000000005957628]
Event: 7096.353 Thread 0x00000000168fc800 22019       2       java.util.Calendar::setLenient (6 bytes)
Event: 7096.354 Thread 0x00000000168fc800 nmethod 22019 0x0000000003d90b10 code [0x0000000003d90c60, 0x0000000003d90db0]
Event: 7096.354 Thread 0x00000000168fc800 22020       2       java.util.Calendar$Builder::isInstantSet (14 bytes)
Event: 7096.354 Thread 0x00000000168fc800 nmethod 22020 0x0000000003d7f810 code [0x0000000003d7f960, 0x0000000003d7fad0]
Event: 7096.354 Thread 0x00000000168fc800 22006       1       org.gradle.api.internal.tasks.compile.incremental.classpath.ClasspathEntrySnapshotData::getClassAnalysis (5 bytes)
Event: 7096.354 Thread 0x00000000168fc800 nmethod 22006 0x00000000037e8810 code [0x00000000037e8960, 0x00000000037e8a70]

GC Heap History (10 events):
Event: 146.559 GC heap before
{Heap before GC invocations=37 (full 5):
 PSYoungGen      total 478208K, used 473908K [0x00000000e0000000, 0x0000000100000000, 0x0000000100000000)
  eden space 435200K, 99% used [0x00000000e0000000,0x00000000fa4d1af0,0x00000000fa900000)
  from space 43008K, 99% used [0x00000000fa900000,0x00000000fd2fb6b0,0x00000000fd300000)
  to   space 46080K, 0% used [0x00000000fd300000,0x00000000fd300000,0x0000000100000000)
 ParOldGen       total 241152K, used 189670K [0x00000000a0000000, 0x00000000aeb80000, 0x00000000e0000000)
  object space 241152K, 78% used [0x00000000a0000000,0x00000000ab939a20,0x00000000aeb80000)
 Metaspace       used 99128K, capacity 103790K, committed 103936K, reserved 1138688K
  class space    used 13050K, capacity 14010K, committed 14080K, reserved 1048576K
Event: 146.705 GC heap after
Heap after GC invocations=37 (full 5):
 PSYoungGen      total 406528K, used 46049K [0x00000000e0000000, 0x0000000100000000, 0x0000000100000000)
  eden space 360448K, 0% used [0x00000000e0000000,0x00000000e0000000,0x00000000f6000000)
  from space 46080K, 99% used [0x00000000fd300000,0x00000000ffff8468,0x0000000100000000)
  to   space 81920K, 0% used [0x00000000f6000000,0x00000000f6000000,0x00000000fb000000)
 ParOldGen       total 241152K, used 240905K [0x00000000a0000000, 0x00000000aeb80000, 0x00000000e0000000)
  object space 241152K, 99% used [0x00000000a0000000,0x00000000aeb426a0,0x00000000aeb80000)
 Metaspace       used 99128K, capacity 103790K, committed 103936K, reserved 1138688K
  class space    used 13050K, capacity 14010K, committed 14080K, reserved 1048576K
}
Event: 146.705 GC heap before
{Heap before GC invocations=38 (full 6):
 PSYoungGen      total 406528K, used 46049K [0x00000000e0000000, 0x0000000100000000, 0x0000000100000000)
  eden space 360448K, 0% used [0x00000000e0000000,0x00000000e0000000,0x00000000f6000000)
  from space 46080K, 99% used [0x00000000fd300000,0x00000000ffff8468,0x0000000100000000)
  to   space 81920K, 0% used [0x00000000f6000000,0x00000000f6000000,0x00000000fb000000)
 ParOldGen       total 241152K, used 240905K [0x00000000a0000000, 0x00000000aeb80000, 0x00000000e0000000)
  object space 241152K, 99% used [0x00000000a0000000,0x00000000aeb426a0,0x00000000aeb80000)
 Metaspace       used 99128K, capacity 103790K, committed 103936K, reserved 1138688K
  class space    used 13050K, capacity 14010K, committed 14080K, reserved 1048576K
Event: 147.382 GC heap after
Heap after GC invocations=38 (full 6):
 PSYoungGen      total 406528K, used 0K [0x00000000e0000000, 0x0000000100000000, 0x0000000100000000)
  eden space 360448K, 0% used [0x00000000e0000000,0x00000000e0000000,0x00000000f6000000)
  from space 46080K, 0% used [0x00000000fd300000,0x00000000fd300000,0x0000000100000000)
  to   space 81920K, 0% used [0x00000000f6000000,0x00000000f6000000,0x00000000fb000000)
 ParOldGen       total 293888K, used 148414K [0x00000000a0000000, 0x00000000b1f00000, 0x00000000e0000000)
  object space 293888K, 50% used [0x00000000a0000000,0x00000000a90efaa0,0x00000000b1f00000)
 Metaspace       used 99126K, capacity 103784K, committed 103936K, reserved 1138688K
  class space    used 13049K, capacity 14009K, committed 14080K, reserved 1048576K
}
Event: 3747.383 GC heap before
{Heap before GC invocations=39 (full 6):
 PSYoungGen      total 406528K, used 143489K [0x00000000e0000000, 0x0000000100000000, 0x0000000100000000)
  eden space 360448K, 39% used [0x00000000e0000000,0x00000000e8c207b0,0x00000000f6000000)
  from space 46080K, 0% used [0x00000000fd300000,0x00000000fd300000,0x0000000100000000)
  to   space 81920K, 0% used [0x00000000f6000000,0x00000000f6000000,0x00000000fb000000)
 ParOldGen       total 293888K, used 148414K [0x00000000a0000000, 0x00000000b1f00000, 0x00000000e0000000)
  object space 293888K, 50% used [0x00000000a0000000,0x00000000a90efaa0,0x00000000b1f00000)
 Metaspace       used 101103K, capacity 105970K, committed 105984K, reserved 1140736K
  class space    used 13325K, capacity 14332K, committed 14336K, reserved 1048576K
Event: 3747.427 GC heap after
Heap after GC invocations=39 (full 6):
 PSYoungGen      total 442368K, used 17761K [0x00000000e0000000, 0x0000000100000000, 0x0000000100000000)
  eden space 360448K, 0% used [0x00000000e0000000,0x00000000e0000000,0x00000000f6000000)
  from space 81920K, 21% used [0x00000000f6000000,0x00000000f7158428,0x00000000fb000000)
  to   space 78336K, 0% used [0x00000000fb380000,0x00000000fb380000,0x0000000100000000)
 ParOldGen       total 293888K, used 148422K [0x00000000a0000000, 0x00000000b1f00000, 0x00000000e0000000)
  object space 293888K, 50% used [0x00000000a0000000,0x00000000a90f1aa0,0x00000000b1f00000)
 Metaspace       used 101103K, capacity 105970K, committed 105984K, reserved 1140736K
  class space    used 13325K, capacity 14332K, committed 14336K, reserved 1048576K
}
Event: 3747.427 GC heap before
{Heap before GC invocations=40 (full 7):
 PSYoungGen      total 442368K, used 17761K [0x00000000e0000000, 0x0000000100000000, 0x0000000100000000)
  eden space 360448K, 0% used [0x00000000e0000000,0x00000000e0000000,0x00000000f6000000)
  from space 81920K, 21% used [0x00000000f6000000,0x00000000f7158428,0x00000000fb000000)
  to   space 78336K, 0% used [0x00000000fb380000,0x00000000fb380000,0x0000000100000000)
 ParOldGen       total 293888K, used 148422K [0x00000000a0000000, 0x00000000b1f00000, 0x00000000e0000000)
  object space 293888K, 50% used [0x00000000a0000000,0x00000000a90f1aa0,0x00000000b1f00000)
 Metaspace       used 101103K, capacity 105970K, committed 105984K, reserved 1140736K
  class space    used 13325K, capacity 14332K, committed 14336K, reserved 1048576K
Event: 3747.705 GC heap after
Heap after GC invocations=40 (full 7):
 PSYoungGen      total 442368K, used 0K [0x00000000e0000000, 0x0000000100000000, 0x0000000100000000)
  eden space 360448K, 0% used [0x00000000e0000000,0x00000000e0000000,0x00000000f6000000)
  from space 81920K, 0% used [0x00000000f6000000,0x00000000f6000000,0x00000000fb000000)
  to   space 78336K, 0% used [0x00000000fb380000,0x00000000fb380000,0x0000000100000000)
 ParOldGen       total 293888K, used 51041K [0x00000000a0000000, 0x00000000b1f00000, 0x00000000e0000000)
  object space 293888K, 17% used [0x00000000a0000000,0x00000000a31d8528,0x00000000b1f00000)
 Metaspace       used 97846K, capacity 101216K, committed 105984K, reserved 1140736K
  class space    used 12808K, capacity 13499K, committed 14336K, reserved 1048576K
}
Event: 7074.184 GC heap before
{Heap before GC invocations=41 (full 7):
 PSYoungGen      total 442368K, used 360448K [0x00000000e0000000, 0x0000000100000000, 0x0000000100000000)
  eden space 360448K, 100% used [0x00000000e0000000,0x00000000f6000000,0x00000000f6000000)
  from space 81920K, 0% used [0x00000000f6000000,0x00000000f6000000,0x00000000fb000000)
  to   space 78336K, 0% used [0x00000000fb380000,0x00000000fb380000,0x0000000100000000)
 ParOldGen       total 293888K, used 51041K [0x00000000a0000000, 0x00000000b1f00000, 0x00000000e0000000)
  object space 293888K, 17% used [0x00000000a0000000,0x00000000a31d8528,0x00000000b1f00000)
 Metaspace       used 101299K, capacity 106184K, committed 106880K, reserved 1142784K
  class space    used 13227K, capacity 14166K, committed 14464K, reserved 1048576K
Event: 7074.206 GC heap after
Heap after GC invocations=41 (full 7):
 PSYoungGen      total 431616K, used 17138K [0x00000000e0000000, 0x00000000ff580000, 0x0000000100000000)
  eden space 364032K, 0% used [0x00000000e0000000,0x00000000e0000000,0x00000000f6380000)
  from space 67584K, 25% used [0x00000000fb380000,0x00000000fc43ca80,0x00000000ff580000)
  to   space 74752K, 0% used [0x00000000f6380000,0x00000000f6380000,0x00000000fac80000)
 ParOldGen       total 293888K, used 51049K [0x00000000a0000000, 0x00000000b1f00000, 0x00000000e0000000)
  object space 293888K, 17% used [0x00000000a0000000,0x00000000a31da528,0x00000000b1f00000)
 Metaspace       used 101299K, capacity 106184K, committed 106880K, reserved 1142784K
  class space    used 13227K, capacity 14166K, committed 14464K, reserved 1048576K
}

Deoptimization events (10 events):
Event: 7090.184 Thread 0x00000000190ff000 Uncommon trap: reason=bimorphic action=maybe_recompile pc=0x0000000006d05b10 method=com.android.ide.common.symbols.SymbolTable$getSymbolByResourceType$$inlined$compareBy$1.compare(Ljava/lang/Object;Ljava/lang/Object;)I @ 13
Event: 7090.184 Thread 0x00000000190ff000 Uncommon trap: reason=bimorphic action=maybe_recompile pc=0x0000000006d05b10 method=com.android.ide.common.symbols.SymbolTable$getSymbolByResourceType$$inlined$compareBy$1.compare(Ljava/lang/Object;Ljava/lang/Object;)I @ 13
Event: 7090.184 Thread 0x00000000190ff000 Uncommon trap: reason=bimorphic action=maybe_recompile pc=0x0000000006d05b10 method=com.android.ide.common.symbols.SymbolTable$getSymbolByResourceType$$inlined$compareBy$1.compare(Ljava/lang/Object;Ljava/lang/Object;)I @ 13
Event: 7090.184 Thread 0x00000000190ff000 Uncommon trap: reason=bimorphic action=maybe_recompile pc=0x0000000006b5464c method=com.google.common.base.CharMatcher.indexIn(Ljava/lang/CharSequence;I)I @ 31
Event: 7090.184 Thread 0x00000000190ff000 Uncommon trap: reason=bimorphic action=maybe_recompile pc=0x0000000006b5464c method=com.google.common.base.CharMatcher.indexIn(Ljava/lang/CharSequence;I)I @ 31
Event: 7090.184 Thread 0x00000000190ff000 Uncommon trap: reason=bimorphic action=maybe_recompile pc=0x0000000006b5464c method=com.google.common.base.CharMatcher.indexIn(Ljava/lang/CharSequence;I)I @ 31
Event: 7090.184 Thread 0x00000000190ff000 Uncommon trap: reason=bimorphic action=maybe_recompile pc=0x0000000006b5464c method=com.google.common.base.CharMatcher.indexIn(Ljava/lang/CharSequence;I)I @ 31
Event: 7090.254 Thread 0x00000000190ff000 Uncommon trap: reason=unstable_if action=reinterpret pc=0x0000000006d32ec8 method=org.objectweb.asm.MethodWriter.visitLdcInsn(Ljava/lang/Object;)V @ 104
Event: 7090.338 Thread 0x00000000190ff000 Uncommon trap: reason=unstable_if action=reinterpret pc=0x0000000003a02b80 method=com.google.gson.stream.JsonWriter.newline()V @ 4
Event: 7091.960 Thread 0x000000001a9d8000 Uncommon trap: reason=unstable_if action=reinterpret pc=0x000000000532705c method=java.util.concurrent.ScheduledThreadPoolExecutor$DelayedWorkQueue.offer(Ljava/lang/Runnable;)Z @ 56

Classes redefined (0 events):
No events

Internal exceptions (10 events):
Event: 7091.954 Thread 0x000000001a9d8000 Exception <a 'java/lang/NoSuchMethodError': <clinit>> (0x00000000ed1e1338) thrown at [D:\src\AOSP-openjdk-cygwin\jdk8u\hotspot\src\share\vm\prims\jni.cpp, line 1614]
Event: 7091.960 Thread 0x00000000228db000 Exception <a 'java/lang/InterruptedException'> (0x00000000ed262e70) thrown at [D:\src\AOSP-openjdk-cygwin\jdk8u\hotspot\src\share\vm\runtime\objectMonitor.cpp, line 1680]
Event: 7091.967 Thread 0x000000001a9d8000 Exception <a 'java/lang/NoSuchMethodError': <clinit>> (0x00000000ed249390) thrown at [D:\src\AOSP-openjdk-cygwin\jdk8u\hotspot\src\share\vm\prims\jni.cpp, line 1614]
Event: 7091.968 Thread 0x000000001a9d8000 Exception <a 'java/lang/NoSuchMethodError': <clinit>> (0x00000000ed257360) thrown at [D:\src\AOSP-openjdk-cygwin\jdk8u\hotspot\src\share\vm\prims\jni.cpp, line 1614]
Event: 7091.969 Thread 0x000000001a9d8000 Exception <a 'java/lang/NoSuchMethodError': <clinit>> (0x00000000ed2cf878) thrown at [D:\src\AOSP-openjdk-cygwin\jdk8u\hotspot\src\share\vm\prims\jni.cpp, line 1614]
Event: 7091.973 Thread 0x000000001a9d8000 Exception <a 'java/lang/NoSuchMethodError': <clinit>> (0x00000000ed2f9580) thrown at [D:\src\AOSP-openjdk-cygwin\jdk8u\hotspot\src\share\vm\prims\jni.cpp, line 1614]
Event: 7091.979 Thread 0x000000001a9d8000 Exception <a 'java/lang/NoSuchMethodError': <clinit>> (0x00000000ed31efe0) thrown at [D:\src\AOSP-openjdk-cygwin\jdk8u\hotspot\src\share\vm\prims\jni.cpp, line 1614]
Event: 7091.982 Thread 0x000000001a9d8000 Exception <a 'java/lang/NoSuchMethodError': <clinit>> (0x00000000ed3cbe88) thrown at [D:\src\AOSP-openjdk-cygwin\jdk8u\hotspot\src\share\vm\prims\jni.cpp, line 1614]
Event: 7095.974 Thread 0x000000001a9d8000 Exception <a 'java/lang/NoSuchMethodError': <clinit>> (0x00000000ed8619f0) thrown at [D:\src\AOSP-openjdk-cygwin\jdk8u\hotspot\src\share\vm\prims\jni.cpp, line 1614]
Event: 7095.974 Thread 0x000000001a9d8000 Exception <a 'java/lang/NoSuchMethodError': <clinit>> (0x00000000ed874430) thrown at [D:\src\AOSP-openjdk-cygwin\jdk8u\hotspot\src\share\vm\prims\jni.cpp, line 1614]

Events (10 events):
Event: 7096.342 Thread 0x00000000168fc800 flushing nmethod 0x0000000006b26990
Event: 7096.342 Thread 0x00000000168fc800 flushing nmethod 0x0000000006b29dd0
Event: 7096.342 Thread 0x00000000168fc800 flushing nmethod 0x0000000006b33f10
Event: 7096.342 Thread 0x00000000168fc800 flushing nmethod 0x0000000006b43150
Event: 7096.342 Thread 0x00000000168fc800 flushing nmethod 0x0000000006b6a390
Event: 7096.342 Thread 0x00000000168fc800 flushing nmethod 0x0000000006b6fc10
Event: 7096.342 Thread 0x00000000168fc800 flushing nmethod 0x0000000006b73910
Event: 7096.342 Thread 0x00000000168fc800 flushing nmethod 0x0000000006b9a350
Event: 7096.342 Thread 0x00000000168fc800 flushing nmethod 0x0000000006b9b550
Event: 7096.342 Thread 0x00000000168fc800 flushing nmethod 0x0000000006b9d6d0


Dynamic libraries:
0x00007ff71fba0000 - 0x00007ff71fbd1000 	C:\Program Files\Android\Android Studio\jre\bin\java.exe
0x00007ff9331a0000 - 0x00007ff933390000 	C:\WINDOWS\SYSTEM32\ntdll.dll
0x00007ff932690000 - 0x00007ff932742000 	C:\WINDOWS\System32\KERNEL32.DLL
0x00007ff930490000 - 0x00007ff930733000 	C:\WINDOWS\System32\KERNELBASE.dll
0x00007ff931910000 - 0x00007ff9319b3000 	C:\WINDOWS\System32\ADVAPI32.dll
0x00007ff931e60000 - 0x00007ff931efe000 	C:\WINDOWS\System32\msvcrt.dll
0x00007ff9328e0000 - 0x00007ff932977000 	C:\WINDOWS\System32\sechost.dll
0x00007ff932a60000 - 0x00007ff932b80000 	C:\WINDOWS\System32\RPCRT4.dll
0x00007ff932390000 - 0x00007ff932524000 	C:\WINDOWS\System32\USER32.dll
0x00007ff930460000 - 0x00007ff930481000 	C:\WINDOWS\System32\win32u.dll
0x00007ff9328b0000 - 0x00007ff9328d6000 	C:\WINDOWS\System32\GDI32.dll
0x00007ff930160000 - 0x00007ff9302f4000 	C:\WINDOWS\System32\gdi32full.dll
0x00007ff9308e0000 - 0x00007ff93097e000 	C:\WINDOWS\System32\msvcp_win.dll
0x00007ff930980000 - 0x00007ff930a7a000 	C:\WINDOWS\System32\ucrtbase.dll
0x00007ff91c120000 - 0x00007ff91c3a5000 	C:\WINDOWS\WinSxS\amd64_microsoft.windows.common-controls_6595b64144ccf1df_6.0.18362.720_none_e6beb5c51314836b\COMCTL32.dll
0x00007ff932d40000 - 0x00007ff933076000 	C:\WINDOWS\System32\combase.dll
0x00007ff930330000 - 0x00007ff9303b0000 	C:\WINDOWS\System32\bcryptPrimitives.dll
0x00007ff9319c0000 - 0x00007ff9319ee000 	C:\WINDOWS\System32\IMM32.DLL
0x000000005fdc0000 - 0x000000005fe92000 	C:\Program Files\Android\Android Studio\jre\jre\bin\msvcr100.dll
0x000000005de80000 - 0x000000005e6c6000 	C:\Program Files\Android\Android Studio\jre\jre\bin\server\jvm.dll
0x00007ff9328a0000 - 0x00007ff9328a8000 	C:\WINDOWS\System32\PSAPI.DLL
0x00007ff92d220000 - 0x00007ff92d229000 	C:\WINDOWS\SYSTEM32\WSOCK32.dll
0x00007ff932620000 - 0x00007ff93268f000 	C:\WINDOWS\System32\WS2_32.dll
0x00007ff92c700000 - 0x00007ff92c724000 	C:\WINDOWS\SYSTEM32\WINMM.dll
0x00007ff92b000000 - 0x00007ff92b00a000 	C:\WINDOWS\SYSTEM32\VERSION.dll
0x00007ff92c6d0000 - 0x00007ff92c6fd000 	C:\WINDOWS\SYSTEM32\WINMMBASE.dll
0x00007ff930890000 - 0x00007ff9308da000 	C:\WINDOWS\System32\cfgmgr32.dll
0x00007ff92b2f0000 - 0x00007ff92b2ff000 	C:\Program Files\Android\Android Studio\jre\jre\bin\verify.dll
0x00007ff92b070000 - 0x00007ff92b099000 	C:\Program Files\Android\Android Studio\jre\jre\bin\java.dll
0x00007ff92b050000 - 0x00007ff92b066000 	C:\Program Files\Android\Android Studio\jre\jre\bin\zip.dll
0x00007ff931220000 - 0x00007ff931905000 	C:\WINDOWS\System32\SHELL32.dll
0x00007ff933080000 - 0x00007ff933129000 	C:\WINDOWS\System32\shcore.dll
0x00007ff930a80000 - 0x00007ff931200000 	C:\WINDOWS\System32\windows.storage.dll
0x00007ff9300d0000 - 0x00007ff9300f3000 	C:\WINDOWS\System32\profapi.dll
0x00007ff930060000 - 0x00007ff9300aa000 	C:\WINDOWS\System32\powrprof.dll
0x00007ff930030000 - 0x00007ff930040000 	C:\WINDOWS\System32\UMPDC.dll
0x00007ff9325a0000 - 0x00007ff9325f2000 	C:\WINDOWS\System32\shlwapi.dll
0x00007ff930040000 - 0x00007ff930051000 	C:\WINDOWS\System32\kernel.appcore.dll
0x00007ff931200000 - 0x00007ff931217000 	C:\WINDOWS\System32\cryptsp.dll
0x00007ff928890000 - 0x00007ff9288aa000 	C:\Program Files\Android\Android Studio\jre\jre\bin\net.dll
0x00007ff921b10000 - 0x00007ff921ce5000 	C:\WINDOWS\SYSTEM32\urlmon.dll
0x00007ff923e30000 - 0x00007ff9240d6000 	C:\WINDOWS\SYSTEM32\iertutil.dll
0x00007ff92fa70000 - 0x00007ff92fa7c000 	C:\WINDOWS\SYSTEM32\CRYPTBASE.DLL
0x00007ff92f8a0000 - 0x00007ff92f907000 	C:\WINDOWS\system32\mswsock.dll
0x00007ff928820000 - 0x00007ff928833000 	C:\Program Files\Android\Android Studio\jre\jre\bin\nio.dll
0x00007ff924590000 - 0x00007ff9245b6000 	C:\Users\Δΰπό\.gradle\native\30\windows-amd64\native-platform.dll
0x00007ff92a960000 - 0x00007ff92a96d000 	C:\Program Files\Android\Android Studio\jre\jre\bin\management.dll
0x00007ff92f410000 - 0x00007ff92f443000 	C:\WINDOWS\system32\rsaenh.dll
0x00007ff930300000 - 0x00007ff930326000 	C:\WINDOWS\System32\bcrypt.dll
0x00007ff92ff20000 - 0x00007ff92ff45000 	C:\WINDOWS\SYSTEM32\USERENV.dll
0x00007ff92f5b0000 - 0x00007ff92f5ea000 	C:\WINDOWS\SYSTEM32\IPHLPAPI.DLL
0x00007ff932b80000 - 0x00007ff932b88000 	C:\WINDOWS\System32\NSI.dll
0x00007ff927f90000 - 0x00007ff927fa6000 	C:\WINDOWS\SYSTEM32\dhcpcsvc6.DLL
0x00007ff927f70000 - 0x00007ff927f8c000 	C:\WINDOWS\SYSTEM32\dhcpcsvc.DLL
0x00007ff92f5f0000 - 0x00007ff92f6ba000 	C:\WINDOWS\SYSTEM32\DNSAPI.dll
0x00007ff924c10000 - 0x00007ff924c34000 	C:\Program Files\Android\Android Studio\jre\jre\bin\sunec.dll
0x00007ff920f70000 - 0x00007ff920f7a000 	C:\Windows\System32\rasadhlp.dll
0x00007ff927300000 - 0x00007ff927377000 	C:\WINDOWS\System32\fwpuclnt.dll
0x00007ff928880000 - 0x00007ff92888b000 	C:\Program Files\Android\Android Studio\jre\jre\bin\sunmscapi.dll
0x00007ff930740000 - 0x00007ff930889000 	C:\WINDOWS\System32\CRYPT32.dll
0x00007ff9300b0000 - 0x00007ff9300c2000 	C:\WINDOWS\System32\MSASN1.dll
0x00007ff9288b0000 - 0x00007ff9288ce000 	C:\Users\Δΰπό\AppData\Local\Temp\native-platform1962328644609069153dir\native-platform.dll

VM Arguments:
jvm_args: -Xmx1536m -Dfile.encoding=windows-1251 -Duser.country=RU -Duser.language=ru -Duser.variant 
java_command: org.gradle.launcher.daemon.bootstrap.GradleDaemon 5.6.4
java_class_path (initial): C:\Users\Δΰπό\.gradle\wrapper\dists\gradle-5.6.4-all\ankdp27end7byghfw1q2sw75f\gradle-5.6.4\lib\gradle-launcher-5.6.4.jar
Launcher Type: SUN_STANDARD

Environment Variables:
PATH=D:\app\Daria\product\18.0.0\dbhomeXE\bin;D:\product\18.0.0\dbhomeXE\bin;C:\Program Files\Microsoft MPI\Bin\;C:\Program Files (x86)\Intel\iCLS Client\;C:\Program Files\Intel\iCLS Client\;C:\Windows\system32;C:\Windows;C:\Windows\System32\Wbem;C:\Windows\System32\WindowsPowerShell\v1.0\;C:\Program Files (x86)\Intel\Intel(R) Management Engine Components\DAL;C:\Program Files\Intel\Intel(R) Management Engine Components\DAL;C:\Program Files (x86)\Intel\Intel(R) Management Engine Components\IPT;C:\Program Files\Intel\Intel(R) Management Engine Components\IPT;C:\Program Files (x86)\NVIDIA Corporation\PhysX\Common;C:\MinGW\bin;C:\Program Files\nodejs;C:\WINDOWS\system32;C:\WINDOWS;C:\WINDOWS\System32\Wbem;C:\WINDOWS\System32\WindowsPowerShell\v1.0\;C:\Program Files\dotnet\;C:\WINDOWS\System32\OpenSSH\;D:\Program Files\FFmpeg\bin;C:\Program Files\Java\jdk-10.0.2\bin;C:\Program Files\Git\cmd;C:\Program Files\Microsoft SQL Server\Client SDK\ODBC\170\Tools\Binn\;C:\Program Files\Microsoft SQL Server\Client SDK\ODBC\130\Tools\Binn\;D:\Program Files\PuTTY\;C:\Program Files\nodejs\;C:\Program Files\Microsoft SQL Server\130\Tools\Binn\;D:\source\Python\Python37\Scripts\;D:\source\Python\Python37\;D:\Program Files\Scripts\;D:\Program Files\;C:\Users\Δΰπό\AppData\Local\Microsoft\WindowsApps;/usr/sbin;D:\Program Files\FFmpeg\bin;C:\Program Files\heroku\bin;C:\Users\Δΰπό\.dotnet\tools;C:\Users\Δΰπό\AppData\Local\Microsoft\WindowsApps;C:\Users\Δΰπό\AppData\Local\Programs\Microsoft VS Code\bin;C:\Users\Δΰπό\AppData\Roaming\npm;
USERNAME=Δΰπό
OS=Windows_NT
PROCESSOR_IDENTIFIER=Intel64 Family 6 Model 142 Stepping 9, GenuineIntel



---------------  S Y S T E M  ---------------

OS: Windows 10.0 , 64 bit Build 18362 (10.0.18362.329)

CPU:total 4 (initial active 4) (2 cores per cpu, 2 threads per core) family 6 model 142 stepping 9, cmov, cx8, fxsr, mmx, sse, sse2, sse3, ssse3, sse4.1, sse4.2, popcnt, avx, avx2, aes, clmul, erms, 3dnowpref, lzcnt, ht, tsc, tscinvbit, bmi1, bmi2, adx

Memory: 4k page, physical 8253668k(627036k free), swap 8253668k(4868k free)

vm_info: OpenJDK 64-Bit Server VM (25.212-b04) for windows-amd64 JRE (1.8.0_212-release-1586-b04), built by "builder" with MS VC++ 10.0 (VS2010)

time: Thu Mar 26 14:11:57 2020
timezone: RTZ 4 (ηθμΰ)
elapsed time: 7096 seconds (0d 1h 58m 16s)

